-------------------------------------------------------------------------------
Test set: MyTest
-------------------------------------------------------------------------------
Tests run: 1, Failures: 1, Errors: 0, Skipped: 0, Time elapsed: 0.026 s <<< FAILURE! - in MyTest
test  Time elapsed: 0.022 s  <<< FAILURE!
org.opentest4j.AssertionFailedError: test failed
	at MyTest.test(MyTest.java:9)

